mode: atomic
IrisAdminApi/config/config.go:26.26,27.20 1 14
IrisAdminApi/config/config.go:30.2,30.17 1 14
IrisAdminApi/config/config.go:36.2,36.12 1 14
IrisAdminApi/config/config.go:27.20,29.3 1 0
IrisAdminApi/config/config.go:30.17,34.3 3 1
IrisAdminApi/config/config.go:43.44,46.2 2 2
IrisAdminApi/config/config.go:48.58,86.2 24 1
IrisAdminApi/config/config.go:88.39,90.2 1 0
IrisAdminApi/config/config.go:92.32,94.2 1 14
IrisAdminApi/config/config.go:96.26,98.2 1 1
IrisAdminApi/config/config.go:100.25,102.2 1 1
IrisAdminApi/config/config.go:104.33,106.2 1 1
IrisAdminApi/config/config.go:108.32,110.2 1 1
IrisAdminApi/config/config.go:112.33,114.2 1 1
IrisAdminApi/config/config.go:116.31,118.2 1 1
IrisAdminApi/config/config.go:120.28,122.2 1 1
IrisAdminApi/config/config.go:124.29,126.2 1 1
IrisAdminApi/config/config.go:128.33,130.2 1 1
IrisAdminApi/config/config.go:132.32,134.2 1 1
IrisAdminApi/config/config.go:136.33,138.2 1 1
IrisAdminApi/config/config.go:140.35,142.2 1 1
IrisAdminApi/config/config.go:144.31,146.2 1 1
IrisAdminApi/config/config.go:148.30,150.2 1 1
IrisAdminApi/main.go:18.28,23.16 5 0
IrisAdminApi/main.go:27.2,27.10 1 0
IrisAdminApi/main.go:23.16,25.3 1 0
IrisAdminApi/main.go:30.33,46.34 6 1
IrisAdminApi/main.go:50.2,63.12 3 1
IrisAdminApi/main.go:46.34,48.3 1 0
IrisAdminApi/main.go:66.13,73.16 6 0
IrisAdminApi/main.go:73.16,75.3 1 0
