mode: atomic
IrisAdminApi/config/config.go:21.26,22.20 1 14
IrisAdminApi/config/config.go:25.2,25.17 1 14
IrisAdminApi/config/config.go:31.2,31.12 1 14
IrisAdminApi/config/config.go:22.20,24.3 1 0
IrisAdminApi/config/config.go:25.17,29.3 3 1
IrisAdminApi/config/config.go:34.44,37.2 2 2
IrisAdminApi/config/config.go:39.58,77.2 24 1
IrisAdminApi/config/config.go:79.39,81.2 1 0
IrisAdminApi/config/config.go:83.32,85.2 1 14
IrisAdminApi/config/config.go:87.26,89.2 1 1
IrisAdminApi/config/config.go:91.25,93.2 1 1
IrisAdminApi/config/config.go:95.33,97.2 1 1
IrisAdminApi/config/config.go:99.32,101.2 1 1
IrisAdminApi/config/config.go:103.33,105.2 1 1
IrisAdminApi/config/config.go:107.31,109.2 1 1
IrisAdminApi/config/config.go:111.28,113.2 1 1
IrisAdminApi/config/config.go:115.29,117.2 1 1
IrisAdminApi/config/config.go:119.33,121.2 1 1
IrisAdminApi/config/config.go:123.32,125.2 1 1
IrisAdminApi/config/config.go:127.33,129.2 1 1
IrisAdminApi/config/config.go:131.35,133.2 1 1
IrisAdminApi/config/config.go:135.31,137.2 1 1
IrisAdminApi/config/config.go:139.30,141.2 1 1
