mode: atomic
github.com/snowlyg/IrisAdminApi/server/libs/array.go:8.46,9.29 1 5
github.com/snowlyg/IrisAdminApi/server/libs/array.go:14.2,14.14 1 2
github.com/snowlyg/IrisAdminApi/server/libs/array.go:9.29,10.16 1 9
github.com/snowlyg/IrisAdminApi/server/libs/array.go:10.16,12.4 1 3
github.com/snowlyg/IrisAdminApi/server/libs/array.go:18.45,20.30 2 3
github.com/snowlyg/IrisAdminApi/server/libs/array.go:28.2,28.11 1 3
github.com/snowlyg/IrisAdminApi/server/libs/array.go:20.30,22.24 2 12
github.com/snowlyg/IrisAdminApi/server/libs/array.go:22.24,24.4 1 9
github.com/snowlyg/IrisAdminApi/server/libs/array.go:24.9,26.4 1 3
github.com/snowlyg/IrisAdminApi/server/libs/lib.go:19.23,21.52 2 0
github.com/snowlyg/IrisAdminApi/server/libs/lib.go:28.2,28.11 1 0
github.com/snowlyg/IrisAdminApi/server/libs/lib.go:21.52,22.30 1 0
github.com/snowlyg/IrisAdminApi/server/libs/lib.go:22.30,23.190 1 0
github.com/snowlyg/IrisAdminApi/server/libs/lib.go:23.190,25.5 1 0
github.com/snowlyg/IrisAdminApi/server/libs/lib.go:32.29,36.2 3 0
github.com/snowlyg/IrisAdminApi/server/libs/lib.go:39.19,41.16 2 0
github.com/snowlyg/IrisAdminApi/server/libs/lib.go:44.2,44.27 1 0
github.com/snowlyg/IrisAdminApi/server/libs/lib.go:41.16,43.3 1 0
github.com/snowlyg/IrisAdminApi/server/libs/lib.go:48.26,50.2 1 0
github.com/snowlyg/IrisAdminApi/server/libs/lib.go:52.23,54.2 1 0
github.com/snowlyg/IrisAdminApi/server/libs/lib.go:59.38,66.2 6 0
github.com/snowlyg/IrisAdminApi/server/libs/lib.go:68.23,70.16 2 0
github.com/snowlyg/IrisAdminApi/server/libs/lib.go:73.2,73.68 1 0
github.com/snowlyg/IrisAdminApi/server/libs/lib.go:70.16,72.3 1 0
github.com/snowlyg/IrisAdminApi/server/libs/lib.go:76.22,80.2 3 0
github.com/snowlyg/IrisAdminApi/server/libs/lib.go:82.32,84.2 1 0
github.com/snowlyg/IrisAdminApi/server/libs/lib.go:88.22,89.25 1 0
github.com/snowlyg/IrisAdminApi/server/libs/lib.go:92.2,92.24 1 0
github.com/snowlyg/IrisAdminApi/server/libs/lib.go:96.2,96.63 1 0
github.com/snowlyg/IrisAdminApi/server/libs/lib.go:89.25,91.3 1 0
github.com/snowlyg/IrisAdminApi/server/libs/lib.go:92.24,94.3 1 0
github.com/snowlyg/IrisAdminApi/server/libs/lib.go:99.25,101.2 1 0
github.com/snowlyg/IrisAdminApi/server/libs/lib.go:103.40,104.47 1 0
github.com/snowlyg/IrisAdminApi/server/libs/lib.go:110.2,110.8 1 0
github.com/snowlyg/IrisAdminApi/server/libs/lib.go:104.47,106.17 2 0
github.com/snowlyg/IrisAdminApi/server/libs/lib.go:106.17,108.4 1 0
github.com/snowlyg/IrisAdminApi/server/libs/lib.go:113.30,114.49 1 0
github.com/snowlyg/IrisAdminApi/server/libs/lib.go:117.2,117.13 1 0
github.com/snowlyg/IrisAdminApi/server/libs/lib.go:114.49,116.3 1 0
github.com/snowlyg/IrisAdminApi/server/libs/lib.go:120.43,122.57 2 0
github.com/snowlyg/IrisAdminApi/server/libs/lib.go:125.2,125.65 1 0
github.com/snowlyg/IrisAdminApi/server/libs/lib.go:122.57,124.3 1 0
github.com/snowlyg/IrisAdminApi/server/libs/lib.go:128.33,129.115 1 0
github.com/snowlyg/IrisAdminApi/server/libs/lib.go:133.2,133.14 1 0
github.com/snowlyg/IrisAdminApi/server/libs/lib.go:129.115,132.3 2 0
github.com/snowlyg/IrisAdminApi/server/libs/lib.go:136.13,139.2 2 1
github.com/snowlyg/IrisAdminApi/server/libs/phone.go:16.56,19.2 2 2
github.com/snowlyg/IrisAdminApi/server/libs/phone.go:22.64,24.11 2 1
github.com/snowlyg/IrisAdminApi/server/libs/phone.go:31.2,31.11 1 0
github.com/snowlyg/IrisAdminApi/server/libs/phone.go:24.11,26.33 2 1
github.com/snowlyg/IrisAdminApi/server/libs/phone.go:26.33,29.4 2 1
github.com/snowlyg/IrisAdminApi/server/libs/string.go:16.41,18.16 2 2
github.com/snowlyg/IrisAdminApi/server/libs/string.go:18.16,20.3 1 1
github.com/snowlyg/IrisAdminApi/server/libs/string.go:20.8,22.3 1 1
github.com/snowlyg/IrisAdminApi/server/libs/string.go:31.32,34.2 2 1
github.com/snowlyg/IrisAdminApi/server/libs/string.go:42.43,44.2 1 1
github.com/snowlyg/IrisAdminApi/server/libs/string.go:47.36,50.19 3 0
github.com/snowlyg/IrisAdminApi/server/libs/string.go:53.2,53.18 1 0
github.com/snowlyg/IrisAdminApi/server/libs/string.go:50.19,52.3 1 0
github.com/snowlyg/IrisAdminApi/server/libs/string.go:62.54,63.17 1 5
github.com/snowlyg/IrisAdminApi/server/libs/string.go:66.2,69.15 3 4
github.com/snowlyg/IrisAdminApi/server/libs/string.go:72.2,72.20 1 4
github.com/snowlyg/IrisAdminApi/server/libs/string.go:75.2,76.18 2 4
github.com/snowlyg/IrisAdminApi/server/libs/string.go:79.2,79.16 1 4
github.com/snowlyg/IrisAdminApi/server/libs/string.go:82.2,82.17 1 4
github.com/snowlyg/IrisAdminApi/server/libs/string.go:85.2,85.35 1 4
github.com/snowlyg/IrisAdminApi/server/libs/string.go:63.17,65.3 1 1
github.com/snowlyg/IrisAdminApi/server/libs/string.go:69.15,71.3 1 1
github.com/snowlyg/IrisAdminApi/server/libs/string.go:72.20,74.3 1 3
github.com/snowlyg/IrisAdminApi/server/libs/string.go:76.18,78.3 1 2
github.com/snowlyg/IrisAdminApi/server/libs/string.go:79.16,81.3 1 1
github.com/snowlyg/IrisAdminApi/server/libs/string.go:82.17,84.3 1 1
github.com/snowlyg/IrisAdminApi/server/libs/string.go:94.38,96.16 2 1
github.com/snowlyg/IrisAdminApi/server/libs/string.go:99.2,99.18 1 1
github.com/snowlyg/IrisAdminApi/server/libs/string.go:96.16,98.3 1 0
github.com/snowlyg/IrisAdminApi/server/libs/string.go:102.38,104.16 2 1
github.com/snowlyg/IrisAdminApi/server/libs/string.go:107.2,108.16 2 1
github.com/snowlyg/IrisAdminApi/server/libs/string.go:112.2,112.13 1 1
github.com/snowlyg/IrisAdminApi/server/libs/string.go:104.16,106.3 1 0
github.com/snowlyg/IrisAdminApi/server/libs/string.go:108.16,110.3 1 0
github.com/snowlyg/IrisAdminApi/server/libs/struct.go:14.46,16.16 2 1
github.com/snowlyg/IrisAdminApi/server/libs/struct.go:16.16,18.3 1 0
github.com/snowlyg/IrisAdminApi/server/libs/struct.go:18.8,20.3 1 1
github.com/snowlyg/IrisAdminApi/server/libs/struct.go:29.58,34.36 4 1
github.com/snowlyg/IrisAdminApi/server/libs/struct.go:37.2,37.13 1 1
github.com/snowlyg/IrisAdminApi/server/libs/struct.go:34.36,36.3 1 2
github.com/snowlyg/IrisAdminApi/server/libs/time.go:11.41,13.2 1 1
